
New Sound files from e: From MAZ on SEP 4, 1996 8:22 PM

10000MAR.WAV
1CARTOON.WAV
AAH.WAV
ACE.WAV
ACTIVATE.WAV
ADIOS.WAV
AFFAIR.WAV
AGAIN.WAV as AGAIN2.wav
AGONY.WAV
AHHH.WAV
AHOO.WAV
AHOOGA.WAV
AHOOGA1.WAV
AHOOHGA.WAV
AIRPLANE.WAV
ALARM.WAV as ALARM2.wav
ALIENCO1.WAV
ALIENCO2.WAV
ALIENLAF.WAV
ALIENPET.WAV
ALIENSHP.WAV
AM.WAV
ANDYGRIF.WAV
APPLAUSE.WAV
APPLCHMP.WAV
ARGUE.WAV
AUTO.WAV
BABY1.WAV
BAD.WAV
BARF.WAV
BARK.WAV
BARK1.WAV
BARK2.WAV
BARK3.WAV
BARK4.WAV
BARTBUTT.WAV
BEAMUP2.WAV
BEANWALK.WAV
BEBACK.WAV
BEEP.WAV
BEEP1.WAV
BEEP2.WAV
BEEP3.WAV
BELCH.WAV
BELL1.WAV
BELLS.WAV
BETYBOOP.WAV
BIGBELL.WAV
BING.WAV
BIRD.WAV
BIRDS.WAV
BLINDMCE.WAV
BLOCK.WAV
BOING.WAV as BOING2.wav
BOMB.WAV
BONEWAH.WAV
BOO.WAV
BOOP.WAV
BRAYING.WAV
BREAST.WAV
BTRASH.WAV
BUBBLES.WAV
BUGLE.WAV
BUGLE1.WAV
BUGLE2.WAV
BUGLE3.WAV
BULLWNK1.WAV
BURP.WAV
BUSYFONE.WAV
BUTHED.WAV
BUZZ.WAV
CA_CHING.WAV
CALL.WAV
CAR.WAV
CARHORN.WAV
CARHORN1.WAV
CATCALL.WAV
CATLDRV.WAV
CE.WAV
CELLULAR.WAV
CERTNLY.WAV
CHARGE.WAV
CHEER.WAV
CHICKENS.WAV
CHILL1.WAV
CHIME.WAV
CHORD.WAV
CHORD1.WAV
CLANG.WAV
CLANK.WAV
CLAP.WAV
CLAPPING.WAV
CLEAR.WAV
CLINT.WAV
CLINT1.WAV
CLINT2.WAV
CLOCK.WAV
CLOCKCHM.WAV
CLUBS.WAV
COFPLANE.WAV
COPWHISL.WAV
COSMO.WAV
COW.WAV
CRACK.WAV
CREAK.WAV
CRSHHED.WAV
CUKOO.WAV
CURLY.WAV
CZYCLAR.WAV
D1.WAV
DAMN.WAV
DEB.WPL
DEB2.WPL
DEBEXIT.WAV
DENTIST.WAV
DESTRUCT.WAV as DESTRUCT2.wav
DIAMONDS.WAV
DING1.WAV
DIV.WAV
DIVEHORN.WAV
DOESNOTC.WAV
DOGBARK.WAV
DOGS.WAV
DONE.WAV
DONKEY.WAV
DOORBELL.WAV
DOWN.WAV
DRIP.WAV
DRUM1.WAV
DRUM2.WAV
DRUM3.WAV
DRUM4.WAV
DRUM5.WAV
DRUMROL1.WAV
DRUMROL2.WAV
DRUMROL3.WAV
DUDES.WAV
EASTERN.WAV
EEK.WAV
EQUAL.WAV
ERASER.WAV
ERROR.WAV
ESSIGNON.WAV
EXCELNT.WAV
EXCUSE.WAV
EYEDROP.WAV
FAILED.WAV
FASCINAT.WAV
FEELGOOD.WAV
FINALE.WAV
FIREALL.WAV
FORCE.WAV
FROG.WAV
FSIGH.WAV
GABING.WAV
GASPUMP.WAV
GIGGLE1.WAV
GIGGLE2.WAV
GIGGLE3.WAV
GLASSBRK.WAV as GLASSBRK2.wav
GONG.WAV
GOODMO.WAV
GOODMRNG.WAV
GUITAR2.WAV
GUNFIGHT.WAV
HALLOWEE.WAV
HANDSAW.WAV
HARPUP.WAV
HAUNTED.WAV
HEART.WAV
HEARTS.WAV
HELLO-O.WAV
HELLOCMP.WAV
HIGHTECH.WAV
HOCKEY.WAV
HONK.WAV as HONK2.wav
HORSE.WAV
HUH.WAV
HYENALAF.WAV
IHEARIT.WAV
IMTHEDOC.WAV
INSERT.WAV
INTEL.WAV
INTEL2.WAV
INTL.WAV
INTRO1.WAV
INTRO10.WAV
INTRO2.WAV
INTRO3.WAV
INTRO4.WAV
INTRO5.WAV
INTRO6.WAV
INTRO7.WAV
INTRO8.WAV
INTRO9.WAV
IQ5.WAV
ITSBNFUN.WAV
JACK.WAV
JAMESBRW.WAV
JAWHARP.WAV
JUL19.WAV
JUNGLE1.WAV
JUNGLE2.WAV
KING.WAV
KISS.WAV as KISS2.wav
KITTYCRY.WAV
LAFF.WAV
LAFF2.WAV
LASER1.WAV
LASER2.WAV
LASER3.WAV
LAUGH1.WAV
LAUGH2.WAV
LAUGHTER.WAV
LEMMEOUT.WAV
LIGHT.WAV
LILCAR.WAV
LOBABY.WAV
LOCKCLIK.WAV
LOOP1.WAV
LOOP2.WAV
LOOP3.WAV
LOOP4.WAV
LOOP5.WAV
LTSPARTY.WAV
M_ADDPAP.WAV
M_JAM.WAV
M_OFFLIN.WAV
MACHNGUN.WAV
MAGIC.WAV
MAIN.WAV
MAXIMIZE.WAV
MAY_I.WAV
MENCHEER.WAV
MEOW.WAV
MF-THINK.WAV
MINIMIZE.WAV
MINUS.WAV
MKMYDY.WAV
MKSYSDSK.WAV
MOMENT.WAV as MOMENT2.wav
MOTSTART.WAV
MOVE.WAV
MOVIE1.WAV
MUSIC.WAV
MUSICA.WAV
MWBIMBO.WAV
MWCHKSHK.WAV
MWDBLCLK.WAV
MWJAM.WAV
MWJAMHEY.WAV
MWKARATE.WAV
MWLASER.WAV
MWLTLBEL.WAV
MWPOP.WAV
MWPUNCH.WAV
MWWHIPN.WAV
NEVERMND.WAV
NEW.WAV
NEWLASER.WAV
NEXT.WAV
NIGHT.WAV
NO.WAV
NOT.WAV as NOT2.wav
NOTEPAD.WAV
NOWAY.WAV
NOWAY1.WAV
OBNOWHS.WAV
OCLOCK.WAV
OHJOY.WAV
OK.WAV
OLDCLOCK.WAV
OOH.WAV
OPEN.WAV
OUCH.WAV as OUCH2.wav
OVATION.WAV
OVERWRIT.WAV
P_ADDPAP.WAV
P_ERROR.WAV
P_JAM.WAV
P_OFFLIN.WAV
PAINT.WAV
PARTHORN.WAV
PAUSE.WAV
PHASER.WAV
PHONERNG.WAV
PHONRING.WAV
PICKIN.WAV
PILEDRIV.WAV
PIPEBANG.WAV
PITFOR.WAV
PLANE1.WAV
PLEASE.WAV
PLSWAIT.WAV
PLUS.WAV
PM.WAV
POINT.WAV
POP.WAV
POP1.WAV
POP2.WAV
PORKY.WAV
PREVIEW.WAV
PREVIOUS.WAV
PRINT.WAV
PROGRAM.WAV
PUNCH.WAV
QUEEN.WAV
RASPB.WAV
RATCHPOP.WAV
RAVE.WAV
RCKNROLL.WAV
REMINDER.WAV
RENAME.WAV
REPLACE.WAV
RESET.WAV
RESTORE.WAV
RESUME.WAV
RETRY.WAV
RIBBIT.WAV
RICOCETT.WAV
RIDDLER.WAV
RIMSHOT.WAV as RIMSHOT2.wav
ROCKET.WAV
ROCKET1.WAV
ROCKY.WAV
RODNEY.WAV
RPHASER.WAV
RUN.WAV
SAVE.WAV
SAVE_AS.WAV
SAVEAS.WAV
SCRATCH.WAV
SCREAM.WAV as SCREAM2.wav
SCREECH.WAV
SCRNSVR.WAV
SEARCH.WAV
SELECT.WAV
SET.WAV
SETUP.WAV
SHIELDON.WAV
SHIPHORN.WAV
SHPCHOMP.WAV
SHUFFLE.WAV
SHUTDOWN.WAV
SIREN.WAV
SIZE.WAV
SKRONK.WAV
SLIP.WAV
SMASH.WAV
SMOKBOWL.WAV
SOLITRE.WAV
SOUNDER.WAV
SOYTANLY.WAV
SPADES.WAV
SPARKLE.WAV
SPEAKER.DRV
SPIKE.WAV
SPLASH.WAV as SPLASH2.wav
SPLAT.WAV
SPRTCAR.WAV
SQUELCH.WAV
STAR.WAV
STARTUP.WAV as STARTUP2.wav
STEPS.WAV
SUBPING.WAV
SWING.WAV
SWITCH.WAV
SYSEXIT.WAV
SYSTART.WAV
TA0.WAV
TA1.WAV
TA10.WAV
TA11.WAV
TA12.WAV
TA13.WAV
TA14.WAV
TA15.WAV
TA16.WAV
TA17.WAV
TA18.WAV
TA19.WAV
TA2.WAV
TA20.WAV
TA3.WAV
TA30.WAV
TA4.WAV
TA40.WAV
TA5.WAV
TA50.WAV
TA6.WAV
TA7.WAV
TA8.WAV
TA9.WAV
TADA.WAV as TADA2.wav
TEETHBRU.WAV
TERMINAT.WAV
TEST.WAV
THANKYOU.WAV
THEADER.WAV
THINKING.WAV
THUD.WAV
TICK.WAV
TICKTOCK.WAV
TIMES.WAV
TOILET.WAV as TOILET2.wav
TRAIN.WAV
TYPE.WAV
UH-OH-.WAV
UNASSIGN.WAV
UNIVERSE.WAV
UP.WAV
VICTORY.WAV
VIEW.WAV
W_ADDPAP.WAV
W_ERROR.WAV
W_JAM.WAV
W_OFFLIN.WAV
WAAH.WAV
WAHOO.WAV
WAIT.WAV
WALLPAPR.WAV
WATCH.WAV
WAY.WAV
WHEE.WAV
WIGGLE.WAV
WILD.WAV
WILD1.WAV
WISK.WAV
WOODCHOP.WAV
WOOW1.WAV
WOW.WAV
YAWN.WAV
YEAH.WAV
YECH.WAV
YES.WAV
YOUSAID.WAV

New Sound files from e:/wav From Maz on SEP 4, 1996 8:43 PM

300.WAV
9LIVES.WAV
ABOOSH.WAV
ALLRIGHT.WAV
CAR.WAV as CAR2.wav
CAR2.WAV as CAR22.wav
FALL.WAV
ICECREAM.WAV
JURY38.WAV
OJ6.WAV
ROCKYOU.WAV
WHIPIT.WAV

New Sound files from hearit Icon HearIt files on SEP 4, 1996 8:47 PM

CANCEL.WAV
HELP!.WAV
LAUGH3.WAV
MOTO2.WAV
OK.WAV as OK2.wav
TERMINAT.WAV as TERMINAT2.wav
